<?xml version="1.0" encoding="UTF-8"?>
<testsuite name="com.wundermancommerce.interviewtests.graph.TestBusinessLogic" tests="3" skipped="0" failures="0" errors="0" timestamp="2019-08-27T08:43:28" hostname="salah" time="0.22">
  <properties/>
  <testcase name="testFindExtendedFamily" classname="com.wundermancommerce.interviewtests.graph.TestBusinessLogic" time="0.179"/>
  <testcase name="testModelPersons" classname="com.wundermancommerce.interviewtests.graph.TestBusinessLogic" time="0.008"/>
  <testcase name="testFindRelations" classname="com.wundermancommerce.interviewtests.graph.TestBusinessLogic" time="0.03"/>
  <system-out><![CDATA[]]></system-out>
  <system-err><![CDATA[]]></system-err>
</testsuite>
